Build started 5/28/2013 10:57:19 AM.
     1>Project "C:\Documents and Settings\Administrator.ESUMSROBOTICSLA\Desktop\newlyn'sfork\mulch\mulch.vcxproj" on node 2 (build target(s)).
     1>InitializeBuildStatus:
         Creating "Debug\mulch.unsuccessfulbuild" because "AlwaysCreate" was specified.
       ClCompile:
         C:\Program Files\Microsoft Visual Studio 10.0\VC\bin\CL.exe /c /ZI /nologo /W3 /WX- /Od /Oy- /D _MBCS /Gm /EHsc /RTC1 /MDd /GS /fp:precise /Zc:wchar_t /Zc:forScope /Fo"Debug\\" /Fd"Debug\vc100.pdb" /Gd /TP /analyze- /errorReport:prompt engine.cpp
         engine.cpp
     1>c:\documents and settings\administrator.esumsroboticsla\desktop\newlyn'sfork\mulch\engine.cpp(114): warning C4018: '<' : signed/unsigned mismatch
     1>c:\documents and settings\administrator.esumsroboticsla\desktop\newlyn'sfork\mulch\engine.cpp(139): warning C4018: '<' : signed/unsigned mismatch
     1>c:\documents and settings\administrator.esumsroboticsla\desktop\newlyn'sfork\mulch\engine.cpp(167): warning C4018: '<' : signed/unsigned mismatch
     1>c:\documents and settings\administrator.esumsroboticsla\desktop\newlyn'sfork\mulch\engine.cpp(267): warning C4018: '<' : signed/unsigned mismatch
     1>c:\documents and settings\administrator.esumsroboticsla\desktop\newlyn'sfork\mulch\engine.cpp(51): warning C4101: 'z' : unreferenced local variable
       Link:
         C:\Program Files\Microsoft Visual Studio 10.0\VC\bin\link.exe /ERRORREPORT:PROMPT /OUT:"C:\Documents and Settings\Administrator.ESUMSROBOTICSLA\Desktop\newlyn'sfork\Debug\mulch.exe" /NOLOGO kernel32.lib user32.lib gdi32.lib winspool.lib comdlg32.lib advapi32.lib shell32.lib ole32.lib oleaut32.lib uuid.lib odbc32.lib odbccp32.lib /MANIFEST /ManifestFile:"Debug\mulch.exe.intermediate.manifest" /MANIFESTUAC:"level='asInvoker' uiAccess='false'" /DEBUG /PDB:"C:\Documents and Settings\Administrator.ESUMSROBOTICSLA\Desktop\newlyn'sfork\Debug\mulch.pdb" /TLBID:1 /DYNAMICBASE /NXCOMPAT /IMPLIB:"C:\Documents and Settings\Administrator.ESUMSROBOTICSLA\Desktop\newlyn'sfork\Debug\mulch.lib" /MACHINE:X86 Debug\engine.obj
         Debug\main.obj
         LINK : C:\Documents and Settings\Administrator.ESUMSROBOTICSLA\Desktop\newlyn'sfork\Debug\mulch.exe not found or not built by the last incremental link; performing full link
         mulch.vcxproj -> C:\Documents and Settings\Administrator.ESUMSROBOTICSLA\Desktop\newlyn'sfork\Debug\mulch.exe
       Manifest:
         C:\Program Files\Microsoft SDKs\Windows\v7.0A\bin\mt.exe /nologo /verbose /outputresource:"C:\Documents and Settings\Administrator.ESUMSROBOTICSLA\Desktop\newlyn'sfork\Debug\mulch.exe;#1" /manifest Debug\mulch.exe.intermediate.manifest
       FinalizeBuildStatus:
         Deleting file "Debug\mulch.unsuccessfulbuild".
         Touching "Debug\mulch.lastbuildstate".
     1>Done Building Project "C:\Documents and Settings\Administrator.ESUMSROBOTICSLA\Desktop\newlyn'sfork\mulch\mulch.vcxproj" (build target(s)).

Build succeeded.

Time Elapsed 00:00:01.34
